\BOOKMARK [0][-]{chapter.1}{\376\377\000t\000o\0001\000\040\000D\000e\000r\000i\000v\000a\000t\000i\000o\000n\000s}{}% 1
\BOOKMARK [1][-]{section.1.1}{\376\377\000\040\000O\000n\000l\000i\000n\000e\000\040\000L\000e\000a\000r\000n\000i\000n\000g}{chapter.1}% 2
\BOOKMARK [2][-]{subsection.1.1.1}{\376\377\000\040\000F\000o\000R\000e\000L}{section.1.1}% 3
\BOOKMARK [1][-]{section.1.2}{\376\377\000\040\000O\000n\000l\000i\000n\000e\000\040\000M\000i\000r\000r\000o\000r\000\040\000D\000e\000s\000c\000e\000n\000t}{chapter.1}% 4
\BOOKMARK [2][-]{subsection.1.2.1}{\376\377\000\040\000H\000e\000d\000g\000e}{section.1.2}% 5
\BOOKMARK [2][-]{subsection.1.2.2}{\376\377\000\040\000F\000e\000n\000c\000h\000e\000l\000\040\000C\000o\000n\000j\000u\000g\000a\000c\000y}{section.1.2}% 6
\BOOKMARK [2][-]{subsection.1.2.3}{\376\377\000\040\000B\000e\000r\000g\000m\000a\000n\000\040\000D\000i\000v\000e\000r\000g\000e\000n\000c\000e\000s}{section.1.2}% 7
\BOOKMARK [2][-]{subsection.1.2.4}{\376\377\000\040\000O\000n\000l\000i\000n\000e\000\040\000M\000i\000r\000r\000o\000r\000\040\000D\000e\000s\000c\000e\000n\000t\000\040\000i\000n\000\040\000t\000e\000r\000m\000s\000\040\000o\000f\000\040\000D\000u\000a\000l\000i\000t\000y}{section.1.2}% 8
\BOOKMARK [2][-]{subsection.1.2.5}{\376\377\000\040\000K\000L\000-\000D\000i\000v\000e\000r\000g\000e\000n\000c\000e\000\040\000a\000n\000d\000\040\000i\000t\000s\000\040\000F\000e\000n\000c\000h\000e\000l\000\040\000C\000o\000n\000j\000u\000g\000a\000t\000e}{section.1.2}% 9
\BOOKMARK [1][-]{section.1.3}{\376\377\000\040\000M\000D\000P\000O}{chapter.1}% 10
\BOOKMARK [0][-]{chapter.2}{\376\377\000t\000o\0002\000\040\000O\000n\000l\000i\000n\000e\000\040\000L\000e\000a\000r\000n\000i\000n\000g\000\040\000a\000n\000d\000\040\000O\000n\000l\000i\000n\000e\000\040\000C\000o\000n\000v\000e\000x\000\040\000O\000p\000t\000i\000m\000i\000z\000a\000t\000i\000o\000n}{}% 11
\BOOKMARK [1][-]{section.2.1}{\376\377\000\040\000O\000n\000l\000i\000n\000e\000\040\000L\000e\000a\000r\000n\000i\000n\000g}{chapter.2}% 12
\BOOKMARK [1][-]{section.2.2}{\376\377\000\040\000O\000n\000l\000i\000n\000e\000\040\000C\000o\000n\000v\000e\000x\000\040\000O\000p\000t\000i\000m\000i\000z\000a\000t\000i\000o\000n}{chapter.2}% 13
\BOOKMARK [2][-]{subsection.2.2.1}{\376\377\000\040\000F\000o\000R\000e\000L}{section.2.2}% 14
\BOOKMARK [2][-]{subsection.2.2.2}{\376\377\000\040\000F\000o\000R\000e\000L\000\040\000w\000i\000t\000h\000\040\000S\000t\000r\000o\000n\000g\000l\000y\000\040\000C\000o\000n\000v\000e\000x\000\040\000R\000e\000g\000u\000l\000a\000r\000i\000z\000e\000r\000s}{section.2.2}% 15
\BOOKMARK [1][-]{section.2.3}{\376\377\000\040\000O\000n\000l\000i\000n\000e\000\040\000M\000i\000r\000r\000o\000r\000\040\000D\000e\000s\000c\000e\000n\000t}{chapter.2}% 16
\BOOKMARK [0][-]{chapter.3}{\376\377\000t\000o\0003\000\040\000I\000n\000t\000r\000o\000d\000u\000c\000t\000i\000o\000n}{}% 17
\BOOKMARK [1][-]{section.3.1}{\376\377\000\040\000S\000u\000p\000p\000o\000r\000t\000\040\000o\000f\000\040\000l\000e\000a\000d\000i\000n\000g\000\040\000f\000a\000c\000t\000i\000o\000n}{chapter.3}% 18
\BOOKMARK [0][-]{figure.3.1}{\376\377\000t\000o\000\040\000A\000P\000P\000E\000N\000D\000I\000C\000E\000S}{}% 19
\BOOKMARK [0][-]{appendix.A}{\376\377\000t\000o\000\040\000\040\000\040\000\040\000\040\000\040\000A\000p\000p\000e\000n\000d\000i\000x\000\040\000A}{}% 20
\BOOKMARK [0][-]{appendix.B}{\376\377\000t\000o\000\040\000\040\000\040\000\040\000\040\000\040\000A\000p\000p\000e\000n\000d\000i\000x\000\040\000B}{}% 21
\BOOKMARK [0][-]{appendix.B}{\376\377\000t\000o\000\040\000C\000I\000T\000E\000D\000\040\000L\000I\000T\000E\000R\000A\000T\000U\000R\000E}{}% 22
