This is pdfTeX, Version 3.141592653-2.6-1.40.25 (TeX Live 2023) (preloaded format=pdflatex 2023.7.10)  20 JUL 2023 13:55
entering extended mode
 restricted \write18 enabled.
 file:line:error style messages enabled.
 %&-line parsing enabled.
**/home/slurp/stash/Coursework/Thesis/Writing/ms-thesis/src/MainThesisFile.tex
(/home/slurp/stash/Coursework/Thesis/Writing/ms-thesis/src/MainThesisFile.tex
LaTeX2e <2023-06-01> patch level 1
L3 programming layer <2023-06-16>
(./uicthesi.cls
Document Class: uicthesi 1996/01/31 v1.2 University of Illinois at Chicago Thesis Class
(./uicth11.clo
Loading uicth11.clo...
\ustrutbox=\box51
\c@fnref=\count185
\out@fnpage@count=\count186
)
\c@figure=\count187
\c@table=\count188
\descriptionmargin=\dimen140
\c@chapter=\count189
\c@section=\count190
\c@subsection=\count191
\c@subsubsection=\count192
\c@paragraph=\count193
\c@subparagraph=\count194
) (/opt/texlive/2023/texmf-dist/tex/latex/booktabs/booktabs.sty
Package: booktabs 2020/01/12 v1.61803398 Publication quality tables
\heavyrulewidth=\dimen141
\lightrulewidth=\dimen142
\cmidrulewidth=\dimen143
\belowrulesep=\dimen144
\belowbottomsep=\dimen145
\aboverulesep=\dimen146
\abovetopsep=\dimen147
\cmidrulesep=\dimen148
\cmidrulekern=\dimen149
\defaultaddspace=\dimen150
\@cmidla=\count195
\@cmidlb=\count196
\@aboverulesep=\dimen151
\@belowrulesep=\dimen152
\@thisruleclass=\count197
\@lastruleclass=\count198
\@thisrulewidth=\dimen153
) (/opt/texlive/2023/texmf-dist/tex/latex/framed/framed.sty
Package: framed 2011/10/22 v 0.96: framed or shaded text with page breaks
\OuterFrameSep=\skip48
\fb@frw=\dimen154
\fb@frh=\dimen155
\FrameRule=\dimen156
\FrameSep=\dimen157
) (/opt/texlive/2023/texmf-dist/tex/latex/hyperref/hyperref.sty
Package: hyperref 2023-05-16 v7.00y Hypertext links for LaTeX
 (/opt/texlive/2023/texmf-dist/tex/generic/ltxcmds/ltxcmds.sty
Package: ltxcmds 2020-05-10 v1.25 LaTeX kernel commands for general use (HO)
) (/opt/texlive/2023/texmf-dist/tex/generic/iftex/iftex.sty
Package: iftex 2022/02/03 v1.0f TeX engine tests
) (/opt/texlive/2023/texmf-dist/tex/generic/pdftexcmds/pdftexcmds.sty
Package: pdftexcmds 2020-06-27 v0.33 Utility functions of pdfTeX for LuaTeX (HO)
 (/opt/texlive/2023/texmf-dist/tex/generic/infwarerr/infwarerr.sty
Package: infwarerr 2019/12/03 v1.5 Providing info/warning/error messages (HO)
)
Package pdftexcmds Info: \pdf@primitive is available.
Package pdftexcmds Info: \pdf@ifprimitive is available.
Package pdftexcmds Info: \pdfdraftmode found.
) (/opt/texlive/2023/texmf-dist/tex/latex/graphics/keyval.sty
Package: keyval 2022/05/29 v1.15 key=value parser (DPC)
\KV@toks@=\toks17
) (/opt/texlive/2023/texmf-dist/tex/latex/kvsetkeys/kvsetkeys.sty
Package: kvsetkeys 2022-10-05 v1.19 Key value parser (HO)
) (/opt/texlive/2023/texmf-dist/tex/generic/kvdefinekeys/kvdefinekeys.sty
Package: kvdefinekeys 2019-12-19 v1.6 Define keys (HO)
) (/opt/texlive/2023/texmf-dist/tex/generic/pdfescape/pdfescape.sty
Package: pdfescape 2019/12/09 v1.15 Implements pdfTeX's escape features (HO)
) (/opt/texlive/2023/texmf-dist/tex/latex/hycolor/hycolor.sty
Package: hycolor 2020-01-27 v1.10 Color options for hyperref/bookmark (HO)
) (/opt/texlive/2023/texmf-dist/tex/latex/letltxmacro/letltxmacro.sty
Package: letltxmacro 2019/12/03 v1.6 Let assignment for LaTeX macros (HO)
) (/opt/texlive/2023/texmf-dist/tex/latex/auxhook/auxhook.sty
Package: auxhook 2019-12-17 v1.6 Hooks for auxiliary files (HO)
) (/opt/texlive/2023/texmf-dist/tex/latex/hyperref/nameref.sty
Package: nameref 2023-05-16 v2.51 Cross-referencing by name of section
 (/opt/texlive/2023/texmf-dist/tex/latex/refcount/refcount.sty
Package: refcount 2019/12/15 v3.6 Data extraction from label references (HO)
) (/opt/texlive/2023/texmf-dist/tex/generic/gettitlestring/gettitlestring.sty
Package: gettitlestring 2019/12/15 v1.6 Cleanup title references (HO)
 (/opt/texlive/2023/texmf-dist/tex/latex/kvoptions/kvoptions.sty
Package: kvoptions 2022-06-15 v3.15 Key value format for package options (HO)
))
\c@section@level=\count199
) (/opt/texlive/2023/texmf-dist/tex/latex/etoolbox/etoolbox.sty
Package: etoolbox 2020/10/05 v2.5k e-TeX tools for LaTeX (JAW)
\etb@tempcnta=\count266
)
\@linkdim=\dimen158
\Hy@linkcounter=\count267
\Hy@pagecounter=\count268
 (/opt/texlive/2023/texmf-dist/tex/latex/hyperref/pd1enc.def
File: pd1enc.def 2023-05-16 v7.00y Hyperref: PDFDocEncoding definition (HO)
Now handling font encoding PD1 ...
... no UTF-8 mapping file for font encoding PD1
) (/opt/texlive/2023/texmf-dist/tex/generic/intcalc/intcalc.sty
Package: intcalc 2019/12/15 v1.3 Expandable calculations with integers (HO)
)
\Hy@SavedSpaceFactor=\count269
 (/opt/texlive/2023/texmf-dist/tex/latex/hyperref/puenc.def
File: puenc.def 2023-05-16 v7.00y Hyperref: PDF Unicode definition (HO)
Now handling font encoding PU ...
... no UTF-8 mapping file for font encoding PU
)
Package hyperref Info: Hyper figures OFF on input line 4167.
Package hyperref Info: Link nesting OFF on input line 4172.
Package hyperref Info: Hyper index ON on input line 4175.
Package hyperref Info: Plain pages OFF on input line 4182.
Package hyperref Info: Backreferencing OFF on input line 4187.
Package hyperref Info: Implicit mode ON; LaTeX internals redefined.
Package hyperref Info: Bookmarks ON on input line 4434.
\c@Hy@tempcnt=\count270
 (./url.sty
\Urlmuskip=\muskip16
Package: url 2006/04/12  ver 3.3  Verb mode for urls, etc.
)
LaTeX Info: Redefining \url on input line 4772.
\XeTeXLinkMargin=\dimen159
 (/opt/texlive/2023/texmf-dist/tex/generic/bitset/bitset.sty
Package: bitset 2019/12/09 v1.3 Handle bit-vector datatype (HO)
 (/opt/texlive/2023/texmf-dist/tex/generic/bigintcalc/bigintcalc.sty
Package: bigintcalc 2019/12/15 v1.5 Expandable calculations on big integers (HO)
))
\Fld@menulength=\count271
\Field@Width=\dimen160
\Fld@charsize=\dimen161
Package hyperref Info: Hyper figures OFF on input line 6051.
Package hyperref Info: Link nesting OFF on input line 6056.
Package hyperref Info: Hyper index ON on input line 6059.
Package hyperref Info: backreferencing OFF on input line 6066.
Package hyperref Info: Link coloring OFF on input line 6071.
Package hyperref Info: Link coloring with OCG OFF on input line 6076.
Package hyperref Info: PDF/A mode OFF on input line 6081.
 (/opt/texlive/2023/texmf-dist/tex/latex/base/atbegshi-ltx.sty
Package: atbegshi-ltx 2021/01/10 v1.0c Emulation of the original atbegshi
package with kernel methods
)
\Hy@abspage=\count272
\c@Item=\count273
\c@Hfootnote=\count274
)
Package hyperref Info: Driver (autodetected): hpdftex.
 (/opt/texlive/2023/texmf-dist/tex/latex/hyperref/hpdftex.def
File: hpdftex.def 2023-05-16 v7.00y Hyperref driver for pdfTeX
 (/opt/texlive/2023/texmf-dist/tex/latex/base/atveryend-ltx.sty
Package: atveryend-ltx 2020/08/19 v1.0a Emulation of the original atveryend package
with kernel methods
)
\Fld@listcount=\count275
\c@bookmark@seq@number=\count276
 (/opt/texlive/2023/texmf-dist/tex/latex/rerunfilecheck/rerunfilecheck.sty
Package: rerunfilecheck 2022-07-10 v1.10 Rerun checks for auxiliary files (HO)
 (/opt/texlive/2023/texmf-dist/tex/generic/uniquecounter/uniquecounter.sty
Package: uniquecounter 2019/12/15 v1.4 Provide unlimited unique counter (HO)
)
Package uniquecounter Info: New unique counter `rerunfilecheck' on input line 285.
)
\Hy@SectionHShift=\skip49
) (/opt/texlive/2023/texmf-dist/tex/latex/preprint/balance.sty
Package: balance 1999/02/23 4.3 (PWD)
\oldvsize=\dimen162
) (/opt/texlive/2023/texmf-dist/tex/latex/graphics/graphics.sty
Package: graphics 2022/03/10 v1.4e Standard LaTeX Graphics (DPC,SPQR)
 (/opt/texlive/2023/texmf-dist/tex/latex/graphics/trig.sty
Package: trig 2021/08/11 v1.11 sin cos tan (DPC)
) (/opt/texlive/2023/texmf-dist/tex/latex/graphics-cfg/graphics.cfg
File: graphics.cfg 2016/06/04 v1.11 sample graphics configuration
)
Package graphics Info: Driver file: dvips.def on input line 107.
 (/opt/texlive/2023/texmf-dist/tex/latex/graphics-def/dvips.def
File: dvips.def 2022/09/22 v3.1e Graphics/color driver for dvips
)) (/opt/texlive/2023/texmf-dist/tex/latex/graphics/color.sty
Package: color 2022/01/06 v1.3d Standard LaTeX Color (DPC)
 (/opt/texlive/2023/texmf-dist/tex/latex/graphics-cfg/color.cfg
File: color.cfg 2016/01/02 v1.6 sample color configuration
)
Package color Info: Driver file: dvips.def on input line 149.
 (/opt/texlive/2023/texmf-dist/tex/latex/graphics/dvipsnam.def
File: dvipsnam.def 2016/06/17 v3.0m Driver-dependent file (DPC,SPQR)
) (/opt/texlive/2023/texmf-dist/tex/latex/graphics/mathcolor.ltx)) (/opt/texlive/2023/texmf-dist/tex/latex/xcolor/xcolor.sty
Package: xcolor 2022/06/12 v2.14 LaTeX color extensions (UK)
 (/opt/texlive/2023/texmf-dist/tex/latex/graphics-cfg/color.cfg
File: color.cfg 2016/01/02 v1.6 sample color configuration
)
Package xcolor Info: Package option `usenames' ignored on input line 218.
Package xcolor Info: Driver file: pdftex.def on input line 227.
 (/opt/texlive/2023/texmf-dist/tex/latex/graphics-def/pdftex.def
File: pdftex.def 2022/09/22 v1.2b Graphics/color driver for pdftex
)
LaTeX Info: Redefining \color on input line 711.
 (/opt/texlive/2023/texmf-dist/tex/latex/graphics/mathcolor.ltx)
Package xcolor Info: Model `cmy' substituted by `cmy0' on input line 1353.
Package xcolor Info: Model `RGB' extended on input line 1369.
Package xcolor Info: Model `HTML' substituted by `rgb' on input line 1371.
Package xcolor Info: Model `Hsb' substituted by `hsb' on input line 1372.
Package xcolor Info: Model `tHsb' substituted by `hsb' on input line 1373.
Package xcolor Info: Model `HSB' substituted by `hsb' on input line 1374.
Package xcolor Info: Model `Gray' substituted by `gray' on input line 1375.
Package xcolor Info: Model `wave' substituted by `hsb' on input line 1376.
 (/opt/texlive/2023/texmf-dist/tex/latex/graphics/dvipsnam.def
File: dvipsnam.def 2016/06/17 v3.0m Driver-dependent file (DPC,SPQR)
)) (/opt/texlive/2023/texmf-dist/tex/latex/graphics/epsfig.sty
Package: epsfig 2017/06/25 v1.7b (e)psfig emulation (SPQR)
 (/opt/texlive/2023/texmf-dist/tex/latex/graphics/graphicx.sty
Package: graphicx 2021/09/16 v1.2d Enhanced LaTeX Graphics (DPC,SPQR)
\Gin@req@height=\dimen163
\Gin@req@width=\dimen164
)
\epsfxsize=\dimen165
\epsfysize=\dimen166
) (/opt/texlive/2023/texmf-dist/tex/latex/caption/subcaption.sty
Package: subcaption 2023/02/19 v1.6 Sub-captions (AR)
 (/opt/texlive/2023/texmf-dist/tex/latex/caption/caption.sty
Package: caption 2023/03/12 v3.6j Customizing captions (AR)
 (/opt/texlive/2023/texmf-dist/tex/latex/caption/caption3.sty
Package: caption3 2023/03/12 v2.4 caption3 kernel (AR)
\caption@tempdima=\dimen167
\captionmargin=\dimen168
\caption@leftmargin=\dimen169
\caption@rightmargin=\dimen170
\caption@width=\dimen171
\caption@indent=\dimen172
\caption@parindent=\dimen173
\caption@hangindent=\dimen174
\abovecaptionskip=\skip50
\belowcaptionskip=\skip51
Package caption Info: Unknown document class (or package),
(caption)             standard defaults will be used.
Package caption Info: \@makecaption = \long macro:#1#2-> {\vspace {10pt}\centering \if@isatable \hbox to \hsize {\hfil #1 \hfil } \vspace {\baselineskip } \setbox \@tempboxa \hbox {#2} \ifdim \wd \@tempboxa >\hsize #2\par \else \hbox to \hsize {\hfil \box \@tempboxa \hfil } \fi \else \setbox \@tempboxa \hbox {#1. #2} \ifdim \wd \@tempboxa >\hsize #1. #2\par \else \hbox to\hsize {\hfil \box \@tempboxa \hfil } \fi \fi } on input line 1176.
)

Package caption Warning: Unknown document class (or package),
(caption)                standard defaults will be used.
See the caption package documentation for explanation.

\c@caption@flags=\count277
\c@continuedfloat=\count278
Package caption Info: hyperref package is loaded.
)
Package caption Info: New subtype `subfigure' on input line 239.
\c@subfigure=\count279
Package caption Info: New subtype `subtable' on input line 239.
\c@subtable=\count280
) (/opt/texlive/2023/texmf-dist/tex/latex/multirow/multirow.sty
Package: multirow 2021/03/15 v2.8 Span multiple rows of a table
\multirow@colwidth=\skip52
\multirow@cntb=\count281
\multirow@dima=\skip53
\bigstrutjot=\dimen175
) (/opt/texlive/2023/texmf-dist/tex/latex/tools/tabularx.sty
Package: tabularx 2020/01/15 v2.11c `tabularx' package (DPC)
 (/opt/texlive/2023/texmf-dist/tex/latex/tools/array.sty
Package: array 2022/09/04 v2.5g Tabular extension package (FMi)
\col@sep=\dimen176
\ar@mcellbox=\box52
\extrarowheight=\dimen177
\NC@list=\toks18
\extratabsurround=\skip54
\backup@length=\skip55
\ar@cellbox=\box53
)
\TX@col@width=\dimen178
\TX@old@table=\dimen179
\TX@old@col=\dimen180
\TX@target=\dimen181
\TX@delta=\dimen182
\TX@cols=\count282
\TX@ftn=\toks19
) (/opt/texlive/2023/texmf-dist/tex/latex/placeins/placeins.sty
Package: placeins 2005/04/18  v 2.2
) (/opt/texlive/2023/texmf-dist/tex/latex/mathtools/mathtools.sty
Package: mathtools 2022/06/29 v1.29 mathematical typesetting tools
 (/opt/texlive/2023/texmf-dist/tex/latex/tools/calc.sty
Package: calc 2017/05/25 v4.3 Infix arithmetic (KKT,FJ)
\calc@Acount=\count283
\calc@Bcount=\count284
\calc@Adimen=\dimen183
\calc@Bdimen=\dimen184
\calc@Askip=\skip56
\calc@Bskip=\skip57
LaTeX Info: Redefining \setlength on input line 80.
LaTeX Info: Redefining \addtolength on input line 81.
\calc@Ccount=\count285
\calc@Cskip=\skip58
) (/opt/texlive/2023/texmf-dist/tex/latex/mathtools/mhsetup.sty
Package: mhsetup 2021/03/18 v1.4 programming setup (MH)
) (/opt/texlive/2023/texmf-dist/tex/latex/amsmath/amsmath.sty
Package: amsmath 2023/05/13 v2.17o AMS math features
\@mathmargin=\skip59

For additional information on amsmath, use the `?' option.
(/opt/texlive/2023/texmf-dist/tex/latex/amsmath/amstext.sty
Package: amstext 2021/08/26 v2.01 AMS text
 (/opt/texlive/2023/texmf-dist/tex/latex/amsmath/amsgen.sty
File: amsgen.sty 1999/11/30 v2.0 generic functions
\@emptytoks=\toks20
\ex@=\dimen185
)) (/opt/texlive/2023/texmf-dist/tex/latex/amsmath/amsbsy.sty
Package: amsbsy 1999/11/29 v1.2d Bold Symbols
\pmbraise@=\dimen186
) (/opt/texlive/2023/texmf-dist/tex/latex/amsmath/amsopn.sty
Package: amsopn 2022/04/08 v2.04 operator names
)
\inf@bad=\count286
LaTeX Info: Redefining \frac on input line 234.
\uproot@=\count287
\leftroot@=\count288
LaTeX Info: Redefining \overline on input line 399.
LaTeX Info: Redefining \colon on input line 410.
\classnum@=\count289
\DOTSCASE@=\count290
LaTeX Info: Redefining \ldots on input line 496.
LaTeX Info: Redefining \dots on input line 499.
LaTeX Info: Redefining \cdots on input line 620.
\Mathstrutbox@=\box54
\strutbox@=\box55
LaTeX Info: Redefining \big on input line 722.
LaTeX Info: Redefining \Big on input line 723.
LaTeX Info: Redefining \bigg on input line 724.
LaTeX Info: Redefining \Bigg on input line 725.
\big@size=\dimen187
LaTeX Font Info:    Redeclaring font encoding OML on input line 743.
LaTeX Font Info:    Redeclaring font encoding OMS on input line 744.
\macc@depth=\count291
LaTeX Info: Redefining \bmod on input line 905.
LaTeX Info: Redefining \pmod on input line 910.
LaTeX Info: Redefining \smash on input line 940.
LaTeX Info: Redefining \relbar on input line 970.
LaTeX Info: Redefining \Relbar on input line 971.
\c@MaxMatrixCols=\count292
\dotsspace@=\muskip17
\c@parentequation=\count293
\dspbrk@lvl=\count294
\tag@help=\toks21
\row@=\count295
\column@=\count296
\maxfields@=\count297
\andhelp@=\toks22
\eqnshift@=\dimen188
\alignsep@=\dimen189
\tagshift@=\dimen190
\tagwidth@=\dimen191
\totwidth@=\dimen192
\lineht@=\dimen193
\@envbody=\toks23
\multlinegap=\skip60
\multlinetaggap=\skip61
\mathdisplay@stack=\toks24
LaTeX Info: Redefining \[ on input line 2953.
LaTeX Info: Redefining \] on input line 2954.
)
\g_MT_multlinerow_int=\count298
\l_MT_multwidth_dim=\dimen194
\origjot=\skip62
\l_MT_shortvdotswithinadjustabove_dim=\dimen195
\l_MT_shortvdotswithinadjustbelow_dim=\dimen196
\l_MT_above_intertext_sep=\dimen197
\l_MT_below_intertext_sep=\dimen198
\l_MT_above_shortintertext_sep=\dimen199
\l_MT_below_shortintertext_sep=\dimen256
\xmathstrut@box=\box56
\xmathstrut@dim=\dimen257
) (/opt/texlive/2023/texmf-dist/tex/latex/epstopdf-pkg/epstopdf.sty
Package: epstopdf 2020-01-24 v2.11 Conversion with epstopdf on the fly (HO)
 (/opt/texlive/2023/texmf-dist/tex/latex/grfext/grfext.sty
Package: grfext 2019/12/03 v1.3 Manage graphics extensions (HO)
) (/opt/texlive/2023/texmf-dist/tex/latex/epstopdf-pkg/epstopdf-base.sty
Package: epstopdf-base 2020-01-24 v2.11 Base part for package epstopdf
Package epstopdf-base Info: Redefining graphics rule for `.eps' on input line 485.
Package grfext Info: Graphics extension search list:
(grfext)             [.pdf,.png,.jpg,.mps,.jpeg,.jbig2,.jb2,.PDF,.PNG,.JPG,.JPEG,.JBIG2,.JB2,.eps]
(grfext)             \AppendGraphicsExtensions on input line 504.
 (/opt/texlive/2023/texmf-dist/tex/latex/latexconfig/epstopdf-sys.cfg
File: epstopdf-sys.cfg 2010/07/13 v1.3 Configuration of (r)epstopdf for TeX Live
))) (/opt/texlive/2023/texmf-dist/tex/latex/tools/bm.sty
Package: bm 2022/01/05 v1.2f Bold Symbol Support (DPC/FMi)
\symboldoperators=\mathgroup4
\symboldletters=\mathgroup5
\symboldsymbols=\mathgroup6
Package bm Info: No bold for \OMX/cmex/m/n, using \pmb.
LaTeX Font Info:    Redeclaring math alphabet \mathbf on input line 149.
) (/opt/texlive/2023/texmf-dist/tex/latex/csquotes/csquotes.sty
Package: csquotes 2022-09-14 v5.2n context-sensitive quotations (JAW)
\csq@reset=\count299
\csq@gtype=\count300
\csq@glevel=\count301
\csq@qlevel=\count302
\csq@maxlvl=\count303
\csq@tshold=\count304
\csq@ltx@everypar=\toks25
 (/opt/texlive/2023/texmf-dist/tex/latex/csquotes/csquotes.def
File: csquotes.def 2022-09-14 v5.2n csquotes generic definitions (JAW)
)
Package csquotes Info: Trying to load configuration file 'csquotes.cfg'...
Package csquotes Info: ... configuration file loaded successfully.
 (/opt/texlive/2023/texmf-dist/tex/latex/csquotes/csquotes.cfg
File: csquotes.cfg 
)) (/opt/texlive/2023/texmf-dist/tex/latex/datetime/datetime.sty
Package: datetime 2015/03/20 v2.60 Date Time Package
 (/opt/texlive/2023/texmf-dist/tex/latex/fmtcount/fmtcount.sty
Package: fmtcount 2020/01/30 v3.07
 (/opt/texlive/2023/texmf-dist/tex/latex/base/ifthen.sty
Package: ifthen 2022/04/13 v1.1d Standard LaTeX ifthen package (DPC)
) (/opt/texlive/2023/texmf-dist/tex/latex/xkeyval/xkeyval.sty
Package: xkeyval 2022/06/16 v2.9 package option processing (HA)
 (/opt/texlive/2023/texmf-dist/tex/generic/xkeyval/xkeyval.tex (/opt/texlive/2023/texmf-dist/tex/generic/xkeyval/xkvutils.tex
\XKV@toks=\toks26
\XKV@tempa@toks=\toks27
)
\XKV@depth=\count305
File: xkeyval.tex 2014/12/03 v2.7a key=value parser (HA)
)) (/opt/texlive/2023/texmf-dist/tex/latex/fmtcount/fcprefix.sty
Package: fcprefix 2012/09/28
 (/opt/texlive/2023/texmf-dist/tex/latex/fmtcount/fcnumparser.sty
Package: fcnumparser 2017/06/15
\fc@digit@counter=\count306
))
\c@padzeroesN=\count307
\fc@tmpcatcode=\count308
\@DT@modctr=\count309
\@ordinalctr=\count310
\@orgargctr=\count311
\@strctr=\count312
\@tmpstrctr=\count313
\@DT@loopN=\count314
\@DT@X=\count315
) (/opt/texlive/2023/texmf-dist/tex/latex/datetime/datetime-defaults.sty
Package: datetime-defaults 2013/09/10
)
\@day=\count316
\@month=\count317
\@year=\count318
\c@HOUR=\count319
\c@HOURXII=\count320
\c@MINUTE=\count321
\c@TOHOUR=\count322
\c@TOMINUTE=\count323
\c@SECOND=\count324
\currenthour=\count325
\currentminute=\count326
\currentsecond=\count327
Package datetime Info: No datetime.cfg file found, using default settings on input line 308.
\@dtctr=\count328
\dayofyear=\count329
\dayofweek=\count330
LaTeX Info: Redefining \today on input line 736.
\dt@a=\toks28
\dt@b=\toks29
) (/opt/texlive/2023/texmf-dist/tex/latex/pdfcomment/pdfcomment.sty
Package: pdfcomment 2018/11/01 pdfcomment.sty v2.4a - Josef Kleber (C) 2008-2012, 2015-2016, 2018
\c@pc@count@i=\count331
\c@pc@count@ii=\count332
\c@pc@count@iii=\count333
\c@pc@count@iv=\count334
\pc@mathannot@box=\box57
\pc@nullbox=\box58
\pc@dima=\skip63
\pc@dimb=\skip64
\pc@Sposx=\skip65
\pc@Sposy=\skip66
\pc@Eposx=\skip67
\pc@Eposy=\skip68
\pc@column=\skip69
\pc@box@width=\skip70
\pc@box@height=\skip71
\pc@box@depth=\skip72
 (/opt/texlive/2023/texmf-dist/tex/latex/datetime2/datetime2.sty
Package: datetime2 2021/03/21 v1.5.7 (NLCT) date and time formats
 (/opt/texlive/2023/texmf-dist/tex/latex/tracklang/tracklang.sty
Package: tracklang 2022/12/13 v1.6.1 (NLCT) Track Languages
 (/opt/texlive/2023/texmf-dist/tex/generic/tracklang/tracklang.tex))) (/opt/texlive/2023/texmf-dist/tex/latex/zref/zref-savepos.sty
Package: zref-savepos 2022-04-07 v2.34 Module savepos for zref (HO)
 (/opt/texlive/2023/texmf-dist/tex/latex/zref/zref-base.sty
Package: zref-base 2022-04-07 v2.34 Module base for zref (HO)
 (/opt/texlive/2023/texmf-dist/tex/generic/etexcmds/etexcmds.sty
Package: etexcmds 2019/12/15 v1.7 Avoid name clashes with e-TeX commands (HO)
)
Package zref Info: New property list: main on input line 767.
Package zref Info: New property: default on input line 768.
Package zref Info: New property: page on input line 769.
)
Package zref Info: New property list: savepos on input line 79.
Package zref Info: New property: posx on input line 81.
Package zref Info: New property: posy on input line 82.
)
\c@zref@unique=\count335
 (/opt/texlive/2023/texmf-dist/tex/latex/marginnote/marginnote.sty
Package: marginnote 2018/08/09 v1.4b non floating margin notes for LaTeX
\c@mn@abspage=\count336
) (/opt/texlive/2023/texmf-dist/tex/generic/iftex/ifpdf.sty
Package: ifpdf 2019/10/25 v3.4 ifpdf legacy package. Use iftex instead.
) (/opt/texlive/2023/texmf-dist/tex/generic/iftex/ifluatex.sty
Package: ifluatex 2019/10/25 v1.5 ifluatex legacy package. Use iftex instead.
) (/opt/texlive/2023/texmf-dist/tex/latex/soulpos/soulpos.sty
Package: soulpos 2021/10/15 v1.2 Fancy underlining
\ulp@subcnt=\count337
\ulp@cnt=\count338
\ulp@out=\write3
\ulp@in=\read2
\ulwidth=\dimen258
)

Package hyperref Warning: Option `pdftex' has already been used,
(hyperref)                setting the option has no effect on input line 1369.

Package zref Info: New property list: pdfcomment on input line 2735.
Package zref Info: New property: PCPDFOBJID on input line 2736.
) (/opt/texlive/2023/texmf-dist/tex/latex/todonotes/todonotes.sty
Package: todonotes 2023/01/31 v1.1.6 Todonotes source and documentation.
Package: todonotes 2023/01/31
 (/opt/texlive/2023/texmf-dist/tex/latex/pgf/frontendlayer/tikz.sty (/opt/texlive/2023/texmf-dist/tex/latex/pgf/basiclayer/pgf.sty (/opt/texlive/2023/texmf-dist/tex/latex/pgf/utilities/pgfrcs.sty (/opt/texlive/2023/texmf-dist/tex/generic/pgf/utilities/pgfutil-common.tex
\pgfutil@everybye=\toks30
\pgfutil@tempdima=\dimen259
\pgfutil@tempdimb=\dimen260
) (/opt/texlive/2023/texmf-dist/tex/generic/pgf/utilities/pgfutil-latex.def
\pgfutil@abb=\box59
) (/opt/texlive/2023/texmf-dist/tex/generic/pgf/utilities/pgfrcs.code.tex (/opt/texlive/2023/texmf-dist/tex/generic/pgf/pgf.revision.tex)
Package: pgfrcs 2023-01-15 v3.1.10 (3.1.10)
))
Package: pgf 2023-01-15 v3.1.10 (3.1.10)
 (/opt/texlive/2023/texmf-dist/tex/latex/pgf/basiclayer/pgfcore.sty (/opt/texlive/2023/texmf-dist/tex/latex/pgf/systemlayer/pgfsys.sty (/opt/texlive/2023/texmf-dist/tex/generic/pgf/systemlayer/pgfsys.code.tex
Package: pgfsys 2023-01-15 v3.1.10 (3.1.10)
 (/opt/texlive/2023/texmf-dist/tex/generic/pgf/utilities/pgfkeys.code.tex
\pgfkeys@pathtoks=\toks31
\pgfkeys@temptoks=\toks32
 (/opt/texlive/2023/texmf-dist/tex/generic/pgf/utilities/pgfkeyslibraryfiltered.code.tex
\pgfkeys@tmptoks=\toks33
))
\pgf@x=\dimen261
\pgf@y=\dimen262
\pgf@xa=\dimen263
\pgf@ya=\dimen264
\pgf@xb=\dimen265
\pgf@yb=\dimen266
\pgf@xc=\dimen267
\pgf@yc=\dimen268
\pgf@xd=\dimen269
\pgf@yd=\dimen270
\w@pgf@writea=\write4
\r@pgf@reada=\read3
\c@pgf@counta=\count339
\c@pgf@countb=\count340
\c@pgf@countc=\count341
\c@pgf@countd=\count342
\t@pgf@toka=\toks34
\t@pgf@tokb=\toks35
\t@pgf@tokc=\toks36
\pgf@sys@id@count=\count343
 (/opt/texlive/2023/texmf-dist/tex/generic/pgf/systemlayer/pgf.cfg
File: pgf.cfg 2023-01-15 v3.1.10 (3.1.10)
)
Driver file for pgf: pgfsys-pdftex.def
 (/opt/texlive/2023/texmf-dist/tex/generic/pgf/systemlayer/pgfsys-pdftex.def
File: pgfsys-pdftex.def 2023-01-15 v3.1.10 (3.1.10)
 (/opt/texlive/2023/texmf-dist/tex/generic/pgf/systemlayer/pgfsys-common-pdf.def
File: pgfsys-common-pdf.def 2023-01-15 v3.1.10 (3.1.10)
))) (/opt/texlive/2023/texmf-dist/tex/generic/pgf/systemlayer/pgfsyssoftpath.code.tex
File: pgfsyssoftpath.code.tex 2023-01-15 v3.1.10 (3.1.10)
\pgfsyssoftpath@smallbuffer@items=\count344
\pgfsyssoftpath@bigbuffer@items=\count345
) (/opt/texlive/2023/texmf-dist/tex/generic/pgf/systemlayer/pgfsysprotocol.code.tex
File: pgfsysprotocol.code.tex 2023-01-15 v3.1.10 (3.1.10)
)) (/opt/texlive/2023/texmf-dist/tex/generic/pgf/basiclayer/pgfcore.code.tex
Package: pgfcore 2023-01-15 v3.1.10 (3.1.10)
 (/opt/texlive/2023/texmf-dist/tex/generic/pgf/math/pgfmath.code.tex (/opt/texlive/2023/texmf-dist/tex/generic/pgf/math/pgfmathutil.code.tex) (/opt/texlive/2023/texmf-dist/tex/generic/pgf/math/pgfmathparser.code.tex
\pgfmath@dimen=\dimen271
\pgfmath@count=\count346
\pgfmath@box=\box60
\pgfmath@toks=\toks37
\pgfmath@stack@operand=\toks38
\pgfmath@stack@operation=\toks39
) (/opt/texlive/2023/texmf-dist/tex/generic/pgf/math/pgfmathfunctions.code.tex) (/opt/texlive/2023/texmf-dist/tex/generic/pgf/math/pgfmathfunctions.basic.code.tex) (/opt/texlive/2023/texmf-dist/tex/generic/pgf/math/pgfmathfunctions.trigonometric.code.tex) (/opt/texlive/2023/texmf-dist/tex/generic/pgf/math/pgfmathfunctions.random.code.tex) (/opt/texlive/2023/texmf-dist/tex/generic/pgf/math/pgfmathfunctions.comparison.code.tex) (/opt/texlive/2023/texmf-dist/tex/generic/pgf/math/pgfmathfunctions.base.code.tex) (/opt/texlive/2023/texmf-dist/tex/generic/pgf/math/pgfmathfunctions.round.code.tex) (/opt/texlive/2023/texmf-dist/tex/generic/pgf/math/pgfmathfunctions.misc.code.tex) (/opt/texlive/2023/texmf-dist/tex/generic/pgf/math/pgfmathfunctions.integerarithmetics.code.tex) (/opt/texlive/2023/texmf-dist/tex/generic/pgf/math/pgfmathcalc.code.tex) (/opt/texlive/2023/texmf-dist/tex/generic/pgf/math/pgfmathfloat.code.tex
\c@pgfmathroundto@lastzeros=\count347
)) (/opt/texlive/2023/texmf-dist/tex/generic/pgf/math/pgfint.code.tex) (/opt/texlive/2023/texmf-dist/tex/generic/pgf/basiclayer/pgfcorepoints.code.tex
File: pgfcorepoints.code.tex 2023-01-15 v3.1.10 (3.1.10)
\pgf@picminx=\dimen272
\pgf@picmaxx=\dimen273
\pgf@picminy=\dimen274
\pgf@picmaxy=\dimen275
\pgf@pathminx=\dimen276
\pgf@pathmaxx=\dimen277
\pgf@pathminy=\dimen278
\pgf@pathmaxy=\dimen279
\pgf@xx=\dimen280
\pgf@xy=\dimen281
\pgf@yx=\dimen282
\pgf@yy=\dimen283
\pgf@zx=\dimen284
\pgf@zy=\dimen285
) (/opt/texlive/2023/texmf-dist/tex/generic/pgf/basiclayer/pgfcorepathconstruct.code.tex
File: pgfcorepathconstruct.code.tex 2023-01-15 v3.1.10 (3.1.10)
\pgf@path@lastx=\dimen286
\pgf@path@lasty=\dimen287
) (/opt/texlive/2023/texmf-dist/tex/generic/pgf/basiclayer/pgfcorepathusage.code.tex
File: pgfcorepathusage.code.tex 2023-01-15 v3.1.10 (3.1.10)
\pgf@shorten@end@additional=\dimen288
\pgf@shorten@start@additional=\dimen289
) (/opt/texlive/2023/texmf-dist/tex/generic/pgf/basiclayer/pgfcorescopes.code.tex
File: pgfcorescopes.code.tex 2023-01-15 v3.1.10 (3.1.10)
\pgfpic=\box61
\pgf@hbox=\box62
\pgf@layerbox@main=\box63
\pgf@picture@serial@count=\count348
) (/opt/texlive/2023/texmf-dist/tex/generic/pgf/basiclayer/pgfcoregraphicstate.code.tex
File: pgfcoregraphicstate.code.tex 2023-01-15 v3.1.10 (3.1.10)
\pgflinewidth=\dimen290
) (/opt/texlive/2023/texmf-dist/tex/generic/pgf/basiclayer/pgfcoretransformations.code.tex
File: pgfcoretransformations.code.tex 2023-01-15 v3.1.10 (3.1.10)
\pgf@pt@x=\dimen291
\pgf@pt@y=\dimen292
\pgf@pt@temp=\dimen293
) (/opt/texlive/2023/texmf-dist/tex/generic/pgf/basiclayer/pgfcorequick.code.tex
File: pgfcorequick.code.tex 2023-01-15 v3.1.10 (3.1.10)
) (/opt/texlive/2023/texmf-dist/tex/generic/pgf/basiclayer/pgfcoreobjects.code.tex
File: pgfcoreobjects.code.tex 2023-01-15 v3.1.10 (3.1.10)
) (/opt/texlive/2023/texmf-dist/tex/generic/pgf/basiclayer/pgfcorepathprocessing.code.tex
File: pgfcorepathprocessing.code.tex 2023-01-15 v3.1.10 (3.1.10)
) (/opt/texlive/2023/texmf-dist/tex/generic/pgf/basiclayer/pgfcorearrows.code.tex
File: pgfcorearrows.code.tex 2023-01-15 v3.1.10 (3.1.10)
\pgfarrowsep=\dimen294
) (/opt/texlive/2023/texmf-dist/tex/generic/pgf/basiclayer/pgfcoreshade.code.tex
File: pgfcoreshade.code.tex 2023-01-15 v3.1.10 (3.1.10)
\pgf@max=\dimen295
\pgf@sys@shading@range@num=\count349
\pgf@shadingcount=\count350
) (/opt/texlive/2023/texmf-dist/tex/generic/pgf/basiclayer/pgfcoreimage.code.tex
File: pgfcoreimage.code.tex 2023-01-15 v3.1.10 (3.1.10)
) (/opt/texlive/2023/texmf-dist/tex/generic/pgf/basiclayer/pgfcoreexternal.code.tex
File: pgfcoreexternal.code.tex 2023-01-15 v3.1.10 (3.1.10)
\pgfexternal@startupbox=\box64
) (/opt/texlive/2023/texmf-dist/tex/generic/pgf/basiclayer/pgfcorelayers.code.tex
File: pgfcorelayers.code.tex 2023-01-15 v3.1.10 (3.1.10)
) (/opt/texlive/2023/texmf-dist/tex/generic/pgf/basiclayer/pgfcoretransparency.code.tex
File: pgfcoretransparency.code.tex 2023-01-15 v3.1.10 (3.1.10)
) (/opt/texlive/2023/texmf-dist/tex/generic/pgf/basiclayer/pgfcorepatterns.code.tex
File: pgfcorepatterns.code.tex 2023-01-15 v3.1.10 (3.1.10)
) (/opt/texlive/2023/texmf-dist/tex/generic/pgf/basiclayer/pgfcorerdf.code.tex
File: pgfcorerdf.code.tex 2023-01-15 v3.1.10 (3.1.10)
))) (/opt/texlive/2023/texmf-dist/tex/generic/pgf/modules/pgfmoduleshapes.code.tex
File: pgfmoduleshapes.code.tex 2023-01-15 v3.1.10 (3.1.10)
\pgfnodeparttextbox=\box65
) (/opt/texlive/2023/texmf-dist/tex/generic/pgf/modules/pgfmoduleplot.code.tex
File: pgfmoduleplot.code.tex 2023-01-15 v3.1.10 (3.1.10)
) (/opt/texlive/2023/texmf-dist/tex/latex/pgf/compatibility/pgfcomp-version-0-65.sty
Package: pgfcomp-version-0-65 2023-01-15 v3.1.10 (3.1.10)
\pgf@nodesepstart=\dimen296
\pgf@nodesepend=\dimen297
) (/opt/texlive/2023/texmf-dist/tex/latex/pgf/compatibility/pgfcomp-version-1-18.sty
Package: pgfcomp-version-1-18 2023-01-15 v3.1.10 (3.1.10)
)) (/opt/texlive/2023/texmf-dist/tex/latex/pgf/utilities/pgffor.sty (/opt/texlive/2023/texmf-dist/tex/latex/pgf/utilities/pgfkeys.sty (/opt/texlive/2023/texmf-dist/tex/generic/pgf/utilities/pgfkeys.code.tex)) (/opt/texlive/2023/texmf-dist/tex/latex/pgf/math/pgfmath.sty (/opt/texlive/2023/texmf-dist/tex/generic/pgf/math/pgfmath.code.tex)) (/opt/texlive/2023/texmf-dist/tex/generic/pgf/utilities/pgffor.code.tex
Package: pgffor 2023-01-15 v3.1.10 (3.1.10)
\pgffor@iter=\dimen298
\pgffor@skip=\dimen299
\pgffor@stack=\toks40
\pgffor@toks=\toks41
)) (/opt/texlive/2023/texmf-dist/tex/generic/pgf/frontendlayer/tikz/tikz.code.tex
Package: tikz 2023-01-15 v3.1.10 (3.1.10)
 (/opt/texlive/2023/texmf-dist/tex/generic/pgf/libraries/pgflibraryplothandlers.code.tex
File: pgflibraryplothandlers.code.tex 2023-01-15 v3.1.10 (3.1.10)
\pgf@plot@mark@count=\count351
\pgfplotmarksize=\dimen300
)
\tikz@lastx=\dimen301
\tikz@lasty=\dimen302
\tikz@lastxsaved=\dimen303
\tikz@lastysaved=\dimen304
\tikz@lastmovetox=\dimen305
\tikz@lastmovetoy=\dimen306
\tikzleveldistance=\dimen307
\tikzsiblingdistance=\dimen308
\tikz@figbox=\box66
\tikz@figbox@bg=\box67
\tikz@tempbox=\box68
\tikz@tempbox@bg=\box69
\tikztreelevel=\count352
\tikznumberofchildren=\count353
\tikznumberofcurrentchild=\count354
\tikz@fig@count=\count355
 (/opt/texlive/2023/texmf-dist/tex/generic/pgf/modules/pgfmodulematrix.code.tex
File: pgfmodulematrix.code.tex 2023-01-15 v3.1.10 (3.1.10)
\pgfmatrixcurrentrow=\count356
\pgfmatrixcurrentcolumn=\count357
\pgf@matrix@numberofcolumns=\count358
)
\tikz@expandcount=\count359
 (/opt/texlive/2023/texmf-dist/tex/generic/pgf/frontendlayer/tikz/libraries/tikzlibrarytopaths.code.tex
File: tikzlibrarytopaths.code.tex 2023-01-15 v3.1.10 (3.1.10)
))) (/opt/texlive/2023/texmf-dist/tex/generic/pgf/frontendlayer/tikz/libraries/tikzlibrarypositioning.code.tex
File: tikzlibrarypositioning.code.tex 2023-01-15 v3.1.10 (3.1.10)
)
\c@@todonotes@numberoftodonotes=\count360
) (/opt/texlive/2023/texmf-dist/tex/latex/colortbl/colortbl.sty
Package: colortbl 2022/06/20 v1.0f Color table columns (DPC)
\everycr=\toks42
\minrowclearance=\skip73
\rownum=\count361
) (/opt/texlive/2023/texmf-dist/tex/latex/amsfonts/amssymb.sty
Package: amssymb 2013/01/14 v3.01 AMS font symbols
 (/opt/texlive/2023/texmf-dist/tex/latex/amsfonts/amsfonts.sty
Package: amsfonts 2013/01/14 v3.01 Basic AMSFonts support
\symAMSa=\mathgroup7
\symAMSb=\mathgroup8
LaTeX Font Info:    Redeclaring math symbol \hbar on input line 98.
LaTeX Font Info:    Overwriting math alphabet `\mathfrak' in version `bold'
(Font)                  U/euf/m/n --> U/euf/b/n on input line 106.
)) (/opt/texlive/2023/texmf-dist/tex/latex/psnfss/pifont.sty
Package: pifont 2020/03/25 PSNFSS-v9.3 Pi font support (SPQR) 
LaTeX Font Info:    Trying to load font information for U+pzd on input line 63.
 (/opt/texlive/2023/texmf-dist/tex/latex/psnfss/upzd.fd
File: upzd.fd 2001/06/04 font definitions for U/pzd.
)
LaTeX Font Info:    Trying to load font information for U+psy on input line 64.
 (/opt/texlive/2023/texmf-dist/tex/latex/psnfss/upsy.fd
File: upsy.fd 2001/06/04 font definitions for U/psy.
)) (./algorithm2e.sty
Package: algorithm2e 2008/00/00 v3.10 algorithms environments
\c@AlgoLine=\count362
 (/opt/texlive/2023/texmf-dist/tex/latex/tools/xspace.sty
Package: xspace 2014/10/28 v1.13 Space after command names (DPC,MH)
) (/opt/texlive/2023/texmf-dist/tex/latex/relsize/relsize.sty
Package: relsize 2013/03/29 ver 4.1
)
********************************************************
Package `algorithm2e' Release 4.01 -- december 14 2009 --
- algorithm2e-announce@lirmm.fr mailing list for announcement about releases
- algorithm2e-discussion@lirmm.fr mailing list for discussion about package
subscribe by emailing sympa@lirmm.fr with 'subscribe <list> <firstname name>'
- Author: Christophe Fiorio (fiorio@lirmm.fr)
********************************************************
\skiptotal=\skip74
\skiplinenumber=\skip75
\skiprule=\skip76
\skiphlne=\skip77
\skiptext=\skip78
\skiplength=\skip79
\algomargin=\skip80
\skipalgocfslide=\skip81
\algowidth=\dimen309
\inoutsize=\dimen310
\inoutline=\dimen311
\interspacetitleruled=\dimen312
\interspacealgoruled=\dimen313
\interspacetitleboxruled=\dimen314
\algocf@inoutbox=\box70
\algocf@inputbox=\box71
\AlCapSkip=\skip82
\AlCapHSkip=\skip83
\algocf@nlbox=\box72
\algocf@hangingbox=\box73
\algocf@capbox=\box74
\algoheightruledefault=\skip84
\algoheightrule=\skip85
\algotitleheightruledefault=\skip86
\algotitleheightrule=\skip87
\c@algocfline=\count363
\c@algocfproc=\count364
\c@algocf=\count365
\algocf@algoframe=\box75
\algocf@algobox=\box76
) (/opt/texlive/2023/texmf-dist/tex/latex/lipsum/lipsum.sty (/opt/texlive/2023/texmf-dist/tex/latex/l3packages/l3keys2e/l3keys2e.sty (/opt/texlive/2023/texmf-dist/tex/latex/l3kernel/expl3.sty
Package: expl3 2023-06-16 L3 programming layer (loader) 
 (/opt/texlive/2023/texmf-dist/tex/latex/l3backend/l3backend-pdftex.def
File: l3backend-pdftex.def 2023-04-19 L3 backend support: PDF output (pdfTeX)
\l__color_backend_stack_int=\count366
\l__pdf_internal_box=\box77
))
Package: l3keys2e 2023-02-02 LaTeX2e option processing using LaTeX3 keys
)
Package: lipsum 2021-09-20 v2.7 150 paragraphs of Lorem Ipsum dummy text
\g__lipsum_par_int=\count367
\l__lipsum_a_int=\count368
\l__lipsum_b_int=\count369
 (/opt/texlive/2023/texmf-dist/tex/latex/lipsum/lipsum.ltd.tex)) (/opt/texlive/2023/texmf-dist/tex/latex/environ/environ.sty
Package: environ 2014/05/04 v0.3 A new way to define environments
 (/opt/texlive/2023/texmf-dist/tex/latex/trimspaces/trimspaces.sty
Package: trimspaces 2009/09/17 v1.1 Trim spaces around a token list
)) (./slashbox.sty
slashbox style by K.Yasuoka, May 1993.
\@slashboxa=\box78
\@slashboxb=\box79
\@slashboxc=\box80
\@slashboxwd=\count370
\@slashboxht=\count371
\@slashsepl=\dimen315
\@slashsepr=\dimen316
) (/opt/texlive/2023/texmf-dist/tex/latex/cite/cite.sty
LaTeX Info: Redefining \cite on input line 302.
LaTeX Info: Redefining \nocite on input line 332.
Package: cite 2015/02/27  v 5.5
) (/opt/texlive/2023/texmf-dist/tex/latex/doublestroke/dsfont.sty
Package: dsfont 1995/08/01 v0.1 Double stroke roman fonts
) (/opt/texlive/2023/texmf-dist/tex/latex/comment/comment.sty
\CommentStream=\write5
 Excluding comment 'comment') (/opt/texlive/2023/texmf-dist/tex/latex/float/float.sty
Package: float 2001/11/08 v1.3d Float enhancements (AL)
\c@float@type=\count372
\float@exts=\toks43
\float@box=\box81
\@float@everytoks=\toks44
\@floatcapt=\box82
)
\c@Lcount=\count373
\c@problem=\count374
 (/opt/texlive/2023/texmf-dist/tex/latex/wasysym/wasysym.sty
Package: wasysym 2020/01/19 v2.4 Wasy-2 symbol support package
\symwasy=\mathgroup9
LaTeX Font Info:    Overwriting symbol font `wasy' in version `bold'
(Font)                  U/wasy/m/n --> U/wasy/b/n on input line 93.
) (/opt/texlive/2023/texmf-dist/tex/latex/pgfplots/pgfplots.sty (/opt/texlive/2023/texmf-dist/tex/generic/pgfplots/pgfplots.revision.tex)
Package: pgfplots 2021/05/15 v1.18.1 Data Visualization (1.18.1)
 (/opt/texlive/2023/texmf-dist/tex/generic/pgfplots/pgfplots.code.tex (/opt/texlive/2023/texmf-dist/tex/generic/pgfplots/pgfplotscore.code.tex
\t@pgfplots@toka=\toks45
\t@pgfplots@tokb=\toks46
\t@pgfplots@tokc=\toks47
\pgfplots@tmpa=\dimen317
\c@pgfplots@coordindex=\count375
\c@pgfplots@scanlineindex=\count376
 (/opt/texlive/2023/texmf-dist/tex/generic/pgfplots/sys/pgfplotssysgeneric.code.tex)) (/opt/texlive/2023/texmf-dist/tex/generic/pgfplots/libs/pgfplotslibrary.code.tex) (/opt/texlive/2023/texmf-dist/tex/generic/pgfplots/oldpgfcompatib/pgfplotsoldpgfsupp_loader.code.tex (/opt/texlive/2023/texmf-dist/tex/generic/pgf/libraries/pgflibraryfpu.code.tex)
Package pgfplots: loading complementary utilities for your pgf version...
\t@pgf@toka=\toks48
\t@pgf@tokb=\toks49
\t@pgf@tokc=\toks50
(/opt/texlive/2023/texmf-dist/tex/generic/pgfplots/oldpgfcompatib/pgfplotsoldpgfsupp_pgfutil-common-lists.tex)) (/opt/texlive/2023/texmf-dist/tex/generic/pgfplots/util/pgfplotsutil.code.tex (/opt/texlive/2023/texmf-dist/tex/generic/pgfplots/liststructure/pgfplotsliststructure.code.tex) (/opt/texlive/2023/texmf-dist/tex/generic/pgfplots/liststructure/pgfplotsliststructureext.code.tex) (/opt/texlive/2023/texmf-dist/tex/generic/pgfplots/liststructure/pgfplotsarray.code.tex
\c@pgfplotsarray@tmp=\count377
) (/opt/texlive/2023/texmf-dist/tex/generic/pgfplots/liststructure/pgfplotsmatrix.code.tex) (/opt/texlive/2023/texmf-dist/tex/generic/pgfplots/numtable/pgfplotstableshared.code.tex
\c@pgfplotstable@counta=\count378
\t@pgfplotstable@a=\toks51
) (/opt/texlive/2023/texmf-dist/tex/generic/pgfplots/liststructure/pgfplotsdeque.code.tex) (/opt/texlive/2023/texmf-dist/tex/generic/pgfplots/util/pgfplotsbinary.code.tex (/opt/texlive/2023/texmf-dist/tex/generic/pgfplots/util/pgfplotsbinary.data.code.tex)) (/opt/texlive/2023/texmf-dist/tex/generic/pgfplots/util/pgfplotsutil.verb.code.tex) (/opt/texlive/2023/texmf-dist/tex/generic/pgfplots/libs/pgflibrarypgfplots.surfshading.code.tex
\c@pgfplotslibrarysurf@no=\count379
 (/opt/texlive/2023/texmf-dist/tex/generic/pgfplots/sys/pgflibrarypgfplots.surfshading.pgfsys-pdftex.def))) (/opt/texlive/2023/texmf-dist/tex/generic/pgfplots/util/pgfplotscolormap.code.tex (/opt/texlive/2023/texmf-dist/tex/generic/pgfplots/util/pgfplotscolor.code.tex)) (/opt/texlive/2023/texmf-dist/tex/generic/pgfplots/pgfplotsstackedplots.code.tex) (/opt/texlive/2023/texmf-dist/tex/generic/pgfplots/pgfplotsplothandlers.code.tex (/opt/texlive/2023/texmf-dist/tex/generic/pgfplots/pgfplotsmeshplothandler.code.tex (/opt/texlive/2023/texmf-dist/tex/generic/pgfplots/pgfplotsmeshplotimage.code.tex))) (/opt/texlive/2023/texmf-dist/tex/generic/pgfplots/pgfplots.scaling.code.tex) (/opt/texlive/2023/texmf-dist/tex/generic/pgfplots/pgfplotscoordprocessing.code.tex) (/opt/texlive/2023/texmf-dist/tex/generic/pgfplots/pgfplots.errorbars.code.tex) (/opt/texlive/2023/texmf-dist/tex/generic/pgfplots/pgfplots.markers.code.tex) (/opt/texlive/2023/texmf-dist/tex/generic/pgfplots/pgfplotsticks.code.tex) (/opt/texlive/2023/texmf-dist/tex/generic/pgfplots/pgfplots.paths.code.tex) (/opt/texlive/2023/texmf-dist/tex/generic/pgf/frontendlayer/tikz/libraries/tikzlibrarydecorations.code.tex (/opt/texlive/2023/texmf-dist/tex/generic/pgf/modules/pgfmoduledecorations.code.tex
\pgfdecoratedcompleteddistance=\dimen318
\pgfdecoratedremainingdistance=\dimen319
\pgfdecoratedinputsegmentcompleteddistance=\dimen320
\pgfdecoratedinputsegmentremainingdistance=\dimen321
\pgf@decorate@distancetomove=\dimen322
\pgf@decorate@repeatstate=\count380
\pgfdecorationsegmentamplitude=\dimen323
\pgfdecorationsegmentlength=\dimen324
)
\tikz@lib@dec@box=\box83
) (/opt/texlive/2023/texmf-dist/tex/generic/pgf/frontendlayer/tikz/libraries/tikzlibrarydecorations.pathmorphing.code.tex (/opt/texlive/2023/texmf-dist/tex/generic/pgf/libraries/decorations/pgflibrarydecorations.pathmorphing.code.tex)) (/opt/texlive/2023/texmf-dist/tex/generic/pgf/frontendlayer/tikz/libraries/tikzlibrarydecorations.pathreplacing.code.tex (/opt/texlive/2023/texmf-dist/tex/generic/pgf/libraries/decorations/pgflibrarydecorations.pathreplacing.code.tex)) (/opt/texlive/2023/texmf-dist/tex/generic/pgfplots/libs/tikzlibrarypgfplots.contourlua.code.tex)
\pgfplots@numplots=\count381
\pgfplots@xmin@reg=\dimen325
\pgfplots@xmax@reg=\dimen326
\pgfplots@ymin@reg=\dimen327
\pgfplots@ymax@reg=\dimen328
\pgfplots@zmin@reg=\dimen329
\pgfplots@zmax@reg=\dimen330
) (/opt/texlive/2023/texmf-dist/tex/generic/pgf/frontendlayer/tikz/libraries/tikzlibraryplotmarks.code.tex
File: tikzlibraryplotmarks.code.tex 2023-01-15 v3.1.10 (3.1.10)
 (/opt/texlive/2023/texmf-dist/tex/generic/pgf/libraries/pgflibraryplotmarks.code.tex
File: pgflibraryplotmarks.code.tex 2023-01-15 v3.1.10 (3.1.10)
)))
\c@definition=\count382
\c@lemma=\count383
\c@theorem=\count384
 (/opt/texlive/2023/texmf-dist/tex/latex/wrapfig/wrapfig.sty
\wrapoverhang=\dimen331
\WF@size=\dimen332
\c@WF@wrappedlines=\count385
\WF@box=\box84
\WF@everypar=\toks52
Package: wrapfig 2003/01/31  v 3.6
)
Package csquotes Info: Checking for multilingual support...
Package csquotes Info: ... none found.
 (./MainThesisFile.aux)
\openout1 = `MainThesisFile.aux'.

LaTeX Font Info:    Checking defaults for OML/cmm/m/it on input line 143.
LaTeX Font Info:    ... okay on input line 143.
LaTeX Font Info:    Checking defaults for OMS/cmsy/m/n on input line 143.
LaTeX Font Info:    ... okay on input line 143.
LaTeX Font Info:    Checking defaults for OT1/cmr/m/n on input line 143.
LaTeX Font Info:    ... okay on input line 143.
LaTeX Font Info:    Checking defaults for T1/cmr/m/n on input line 143.
LaTeX Font Info:    ... okay on input line 143.
LaTeX Font Info:    Checking defaults for TS1/cmr/m/n on input line 143.
LaTeX Font Info:    ... okay on input line 143.
LaTeX Font Info:    Checking defaults for OMX/cmex/m/n on input line 143.
LaTeX Font Info:    ... okay on input line 143.
LaTeX Font Info:    Checking defaults for U/cmr/m/n on input line 143.
LaTeX Font Info:    ... okay on input line 143.
LaTeX Font Info:    Checking defaults for PD1/pdf/m/n on input line 143.
LaTeX Font Info:    ... okay on input line 143.
LaTeX Font Info:    Checking defaults for PU/pdf/m/n on input line 143.
LaTeX Font Info:    ... okay on input line 143.


Package hyperref Warning: Height of page (\paperheight) is invalid (0.0pt),
(hyperref)                using 11in.

Package hyperref Info: Link coloring OFF on input line 143.
\@outlinefile=\write6
\openout6 = `MainThesisFile.out'.

(/opt/texlive/2023/texmf-dist/tex/context/base/mkii/supp-pdf.mkii
[Loading MPS to PDF converter (version 2006.09.02).]
\scratchcounter=\count386
\scratchdimen=\dimen333
\scratchbox=\box85
\nofMPsegments=\count387
\nofMParguments=\count388
\everyMPshowfont=\toks53
\MPscratchCnt=\count389
\MPscratchDim=\dimen334
\MPnumerator=\count390
\makeMPintoPDFobject=\count391
\everyMPtoPDFconversion=\toks54
)
Package caption Info: Begin \AtBeginDocument code.
Package caption Info: float package is loaded.
Package caption Info: wrapfig package is loaded.
Package caption Info: End \AtBeginDocument code.
 (/opt/texlive/2023/texmf-dist/tex/latex/fmtcount/fc-english.def
File: fc-english.def 2016/01/12
)
Package soulpos Info: Loading soulutf8 on input line 143.
 (/opt/texlive/2023/texmf-dist/tex/generic/soul/soulutf8.sty
Package: soulutf8 2023-06-14 v3.1 Permit use of UTF-8 characters in soul (HO)


Package soulutf8 Warning: This package is obsolete,
(soulutf8)                use the soul package directly. 
(soulutf8)                 on input line 29.

) (/opt/texlive/2023/texmf-dist/tex/generic/soul/soul.sty
Package: soul 2023-06-14 v3.1 Permit use of UTF-8 characters in soul (HO)
 (/opt/texlive/2023/texmf-dist/tex/generic/soul/soul-ori.sty
Package: soul-ori 2023-06-14 v3.1 letterspacing/underlining (mf)
\SOUL@word=\toks55
\SOUL@lasttoken=\toks56
\SOUL@syllable=\toks57
\SOUL@cmds=\toks58
\SOUL@buffer=\toks59
\SOUL@token=\toks60
\SOUL@syllgoal=\dimen335
\SOUL@syllwidth=\dimen336
\SOUL@charkern=\dimen337
\SOUL@hyphkern=\dimen338
\SOUL@dimen=\dimen339
\SOUL@dimeni=\dimen340
\SOUL@minus=\count392
\SOUL@comma=\count393
\SOUL@apo=\count394
\SOUL@grave=\count395
\SOUL@spaceskip=\skip88
\SOUL@ttwidth=\dimen341
\SOUL@uldp=\dimen342
\SOUL@ulht=\dimen343
))

Package todonotes Warning: The length marginparwidth is less than 2cm and will most likely cause issues with the appearance of inserted todonotes. The issue can be solved by adding a line like \setlength {\marginparwidth }{2cm} prior to loading the todonotes package. on input line 143.


Package pgfplots Warning: running in backwards compatibility mode (unsuitable tick labels; missing features). Consider writing \pgfplotsset{compat=1.18} into your preamble.
 on input line 143.

LaTeX Font Info:    Trying to load font information for U+msa on input line 155.
(/opt/texlive/2023/texmf-dist/tex/latex/amsfonts/umsa.fd
File: umsa.fd 2013/01/14 v3.01 AMS symbols A
)
LaTeX Font Info:    Trying to load font information for U+msb on input line 155.
 (/opt/texlive/2023/texmf-dist/tex/latex/amsfonts/umsb.fd
File: umsb.fd 2013/01/14 v3.01 AMS symbols B
)
LaTeX Font Info:    Trying to load font information for U+wasy on input line 155.
 (/opt/texlive/2023/texmf-dist/tex/latex/wasysym/uwasy.fd
File: uwasy.fd 2020/01/19 v2.4 Wasy-2 symbol font definitions
) [1
\openout3 = `MainThesisFile.upa'.

{/opt/texlive/2023/texmf-var/fonts/map/pdftex/updmap/pdftex.map}]
ACKNOWLEDGMENTS.

Underfull \hbox (badness 10000) in paragraph at lines 156--159

 []

[2

]
TABLE OF CONTENTS.
No file MainThesisFile.toc.
\tf@toc=\write7
\openout7 = `MainThesisFile.toc'.

[3

]
LIST OF TABLES.
No file MainThesisFile.lot.
\tf@lot=\write8
\openout8 = `MainThesisFile.lot'.

[4

]
LIST OF FIGURES.
No file MainThesisFile.lof.
\tf@lof=\write9
\openout9 = `MainThesisFile.lof'.

[5

]
LIST OF ABBREVIATIONS.
[6

]
SUMMARY.
[7

]
\openout2 = `chapters/0_intro.aux'.

 (./chapters/0_intro.tex
CHAPTER 1.

Package hyperref Warning: Token not allowed in a PDF string (Unicode):
(hyperref)                removing `\hbox' on input line 1.


Package hyperref Warning: Token not allowed in a PDF string (Unicode):
(hyperref)                removing `\@tempdima' on input line 1.


Package hyperref Warning: Token not allowed in a PDF string (Unicode):
(hyperref)                \hskip 21.90005pt
(hyperref)                replaced by space on input line 1.


Package hyperref Warning: Token not allowed in a PDF string (Unicode):
(hyperref)                removing `\hss' on input line 1.


Package hyperref Warning: Token not allowed in a PDF string (Unicode):
(hyperref)                removing `\uppercase' on input line 1.


LaTeX Warning: Citation `tuylsMultiagent2012' on page 1 undefined on input line 3.


LaTeX Warning: Citation `goodfellowGenerative2014' on page 1 undefined on input line 26.

[1


]
Package marginnote Info: Using workaround for absolute page number on input line 28.
 [2]) [3]
\openout2 = `chapters/outline.aux'.

 (./chapters/outline.tex) [4



]
\openout2 = `chapters/1_background.aux'.

 (./chapters/1_background.tex
CHAPTER 2.

Package hyperref Warning: Token not allowed in a PDF string (Unicode):
(hyperref)                removing `\hbox' on input line 1.


Package hyperref Warning: Token not allowed in a PDF string (Unicode):
(hyperref)                removing `\@tempdima' on input line 1.


Package hyperref Warning: Token not allowed in a PDF string (Unicode):
(hyperref)                \hskip 21.90005pt
(hyperref)                replaced by space on input line 1.


Package hyperref Warning: Token not allowed in a PDF string (Unicode):
(hyperref)                removing `\hss' on input line 1.


Package hyperref Warning: Token not allowed in a PDF string (Unicode):
(hyperref)                removing `\uppercase' on input line 1.


LaTeX Warning: Citation `shohamMultiagent2008' on page 5 undefined on input line 39.

[5




] [6] [7] [8]

LaTeX Warning: Reference `eqn:bellman' on page 9 undefined on input line 178.

[9] [10] [11]

LaTeX Warning: Citation `shalev-shwartzOnline2012' on page 12 undefined on input line 287.

[12] [13]

LaTeX Warning: Reference `eqn:regret' on page 14 undefined on input line 357.

Missing character: There is no d in font msbm10!
[14] [15] [16]

LaTeX Warning: Reference `eqn:projsubg' on page 17 undefined on input line 455.


LaTeX Warning: Citation `shalev-shwartzOnline2012' on page 17 undefined on input line 479.

) [17]
\openout2 = `chapters/2_mmd.aux'.

 (./chapters/2_mmd.tex
CHAPTER 3.

Package hyperref Warning: Token not allowed in a PDF string (Unicode):
(hyperref)                removing `\hbox' on input line 1.


Package hyperref Warning: Token not allowed in a PDF string (Unicode):
(hyperref)                removing `\@tempdima' on input line 1.


Package hyperref Warning: Token not allowed in a PDF string (Unicode):
(hyperref)                \hskip 21.90005pt
(hyperref)                replaced by space on input line 1.


Package hyperref Warning: Token not allowed in a PDF string (Unicode):
(hyperref)                removing `\hss' on input line 1.


Package hyperref Warning: Token not allowed in a PDF string (Unicode):
(hyperref)                removing `\uppercase' on input line 1.


LaTeX Warning: Citation `suttonReinforcement2018' on page 18 undefined on input line 28.

[18




] [19]

LaTeX Warning: Citation `tomarMirror2022' on page 20 undefined on input line 68.


LaTeX Warning: Reference `sec:spg' on page 20 undefined on input line 87.


LaTeX Warning: Reference `sec:pg' on page 20 undefined on input line 95.

[20]

LaTeX Warning: Citation `tomarMirror2022' on page 21 undefined on input line 112.

[21]

LaTeX Warning: Citation `tomarMirror2022' on page 22 undefined on input line 159.


LaTeX Warning: Citation `tomarMirror2022' on page 22 undefined on input line 164.


LaTeX Warning: Reference `eqn:mdpograd' on page 22 undefined on input line 176.

[22]

LaTeX Warning: Citation `sokotaUnified2023' on page 23 undefined on input line 186.


LaTeX Warning: Citation `sokotaUnified2023' on page 23 undefined on input line 195.


LaTeX Warning: Citation `facchineiFiniteDimensional2004' on page 23 undefined on input line 208.

[23]

LaTeX Warning: Reference `eqn:saddle' on page 24 undefined on input line 232.


LaTeX Warning: Reference `eqn:optcon' on page 24 undefined on input line 245.


LaTeX Warning: Reference `eqn:saddle' on page 24 undefined on input line 250.


LaTeX Warning: Reference `eqn:saddle' on page 24 undefined on input line 251.

[24]

LaTeX Warning: Reference `def:vi' on page 25 undefined on input line 256.


LaTeX Warning: Citation `rockafellarMonotone1976' on page 25 undefined on input line 258.


LaTeX Warning: Citation `tsenglinear1995' on page 25 undefined on input line 259.


LaTeX Warning: Citation `tsengApproximation2010' on page 25 undefined on input line 261.


LaTeX Warning: Reference `eqn:proxgrad' on page 25 undefined on input line 274.


LaTeX Warning: Citation `sokotaUnified2023' on page 25 undefined on input line 281.

[25]

LaTeX Warning: Citation `sokotaUnified2023' on page 26 undefined on input line 293.


LaTeX Warning: Reference `eqn:mmd' on page 26 undefined on input line 307.


LaTeX Warning: Reference `alg:mmd' on page 26 undefined on input line 312.


LaTeX Warning: Reference `alg:mmd' on page 26 undefined on input line 315.

[26]
Overfull \hbox (41.59941pt too wide) detected at line 333
[][][]\OMS/cmsy/m/n/10.95 r[]\OML/cmm/m/it/10.95 J\OT1/cmr/m/n/10.95 (\OML/cmm/m/it/10.95 ^^R; ^^R[]\OT1/cmr/m/n/10.95 )\OMS/cmsy/m/n/10.95 j[] \OT1/cmr/m/n/10.95 = \U/msb/m/n/10.95 E[]\OT1/cmr/m/n/10.95 [[]\OMS/cmsy/m/n/10.95 r[] [] \OML/cmm/m/it/10.95 ^^Y[]\OT1/cmr/m/n/10.95 (\OML/cmm/m/it/10.95 a\OMS/cmsy/m/n/10.95 j\OML/cmm/m/it/10.95 s\OT1/cmr/m/n/10.95 )\OML/cmm/m/it/10.95 A[]\OT1/cmr/m/n/10.95 (\OML/cmm/m/it/10.95 s; a\OT1/cmr/m/n/10.95 )] + \OML/cmm/m/it/10.95 H\OT1/cmr/m/n/10.95 (\OML/cmm/m/it/10.95 ^^Y[]\OT1/cmr/m/n/10.95 ) \OMS/cmsy/m/n/10.95 ^^@ []\U/msb/m/n/10.95 E[]\OT1/cmr/m/n/10.95 [\OMS/cmsy/m/n/10.95 r[]\OML/cmm/m/it/10.95 KL\OT1/cmr/m/n/10.95 (\OML/cmm/m/it/10.95 s\OT1/cmr/m/n/10.95 ; \OML/cmm/m/it/10.95 ^^Y[]; ^^Y[]\OT1/cmr/m/n/10.95 )[]]
 []


LaTeX Warning: Citation `sokotaUnified2023' on page 27 undefined on input line 347.


LaTeX Warning: Reference `eqn:tabmmd' on page 27 undefined on input line 356.


LaTeX Warning: Reference `fig:? ' on page 27 undefined on input line 359.

[27]

LaTeX Warning: Reference `eqn:proxgrad' on page 28 undefined on input line 367.


LaTeX Warning: Citation `sokotaUnified2023' on page 28 undefined on input line 368.


LaTeX Warning: Citation `sokotaUnified2023' on page 28 undefined on input line 371.


LaTeX Warning: Reference `eqn:mdrl' on page 28 undefined on input line 372.


LaTeX Warning: Reference `eqn:mmdbf' on page 28 undefined on input line 372.


LaTeX Warning: Citation `sokotaUnified2023' on page 28 undefined on input line 377.

) [28]
\openout2 = `chapters/3_updates.aux'.

 (./chapters/3_updates.tex
CHAPTER 4.

Package hyperref Warning: Token not allowed in a PDF string (Unicode):
(hyperref)                removing `\hbox' on input line 1.


Package hyperref Warning: Token not allowed in a PDF string (Unicode):
(hyperref)                removing `\@tempdima' on input line 1.


Package hyperref Warning: Token not allowed in a PDF string (Unicode):
(hyperref)                \hskip 21.90005pt
(hyperref)                replaced by space on input line 1.


Package hyperref Warning: Token not allowed in a PDF string (Unicode):
(hyperref)                removing `\hss' on input line 1.


Package hyperref Warning: Token not allowed in a PDF string (Unicode):
(hyperref)                removing `\uppercase' on input line 1.


LaTeX Warning: Citation `hennesNeural2020' on page 29 undefined on input line 23.


LaTeX Warning: Citation `korpelevichextragradient1976' on page 29 undefined on input line 23.


LaTeX Warning: Citation `popovmodification1980' on page 29 undefined on input line 24.


LaTeX Warning: Citation `hennesNeural2020' on page 29 undefined on input line 41.

[29




]

LaTeX Warning: Citation `hennesNeural2020' on page 30 undefined on input line 55.


LaTeX Warning: Citation `hennesNeural2020' on page 30 undefined on input line 57.


LaTeX Warning: Citation `hennesNeural2020' on page 30 undefined on input line 63.

[30]

LaTeX Warning: Citation `hennesNeural2020' on page 31 undefined on input line 87.

LaTeX Font Info:    Trying to load font information for U+dsrom on input line 89.
(/opt/texlive/2023/texmf-dist/tex/latex/doublestroke/Udsrom.fd
File: Udsrom.fd 1995/08/01 v0.1 Double stroke roman font definitions
) (./figs/tabular/altvsim.pgf) [31]

LaTeX Warning: Citation `hennesNeural2020' on page 32 undefined on input line 112.


LaTeX Warning: Citation `gidelVariational2020' on page 32 undefined on input line 115.


LaTeX Warning: Citation `daskalakisTraining2018' on page 32 undefined on input line 122.

[32]

LaTeX Warning: Citation `heConvergence2022' on page 33 undefined on input line 130.


LaTeX Warning: Citation `korpelevichextragradient1976' on page 33 undefined on input line 134.


LaTeX Warning: Citation `korpelevichextragradient1976' on page 33 undefined on input line 137.

[33]

./chapters/3_updates.tex:154: LaTeX Error: Bad math environment delimiter.

See the LaTeX manual or LaTeX Companion for explanation.
Type  H <return>  for immediate help.
 ...                                              
                                                  
l.154 \end{equation}
                     If $f$ is $L$-smooth, and $0 < \eta <
Your command was ignored.
Type  I <command> <return>  to replace it with another command,
or  <return>  to continue without it.


./chapters/3_updates.tex:154: LaTeX Error: \begin{document} ended by \end{equation}.

See the LaTeX manual or LaTeX Companion for explanation.
Type  H <return>  for immediate help.
 ...                                              
                                                  
l.154 \end{equation}
                     If $f$ is $L$-smooth, and $0 < \eta <
Your command was ignored.
Type  I <command> <return>  to replace it with another command,
or  <return>  to continue without it.

./chapters/3_updates.tex:154: Missing $ inserted.
<inserted text> 
                $
l.154 \end{equation}
                     If $f$ is $L$-smooth, and $0 < \eta <
I've inserted something that you may have forgotten.
(See the <inserted text> above.)
With luck, this will get me unwedged. But if you
really didn't forget anything, try typing `2' now; then
my insertion and my current dilemma will both disappear.

./chapters/3_updates.tex:154: Display math should end with $$.
<to be read again> 
                   \endgroup 
l.154 \end{equation}
                     If $f$ is $L$-smooth, and $0 < \eta <
The `$' that I just saw supposedly matches a previous `$$'.
So I shall assume that you typed `$$' both times.

./chapters/3_updates.tex:154: Extra \endgroup.
<recently read> \endgroup 
                          
l.154 \end{equation}
                     If $f$ is $L$-smooth, and $0 < \eta <
Things are pretty mixed up, but I think the worst is over.


LaTeX Warning: Citation `tsenglinear1995' on page 34 undefined on input line 156.


LaTeX Warning: Citation `tsenglinear1995' on page 34 undefined on input line 162.


LaTeX Warning: Citation `popovmodification1980' on page 34 undefined on input line 168.

[34]

LaTeX Warning: Reference `eqn:eg' on page 35 undefined on input line 185.


LaTeX Warning: Citation `rakhlinOptimization2013' on page 35 undefined on input line 192.

[35]

LaTeX Warning: Citation `daskalakisTraining2018' on page 36 undefined on input line 215.


LaTeX Warning: Citation `daskalakisTraining2018' on page 36 undefined on input line 219.


LaTeX Warning: Citation `gidelVariational2020' on page 36 undefined on input line 221.


LaTeX Warning: Citation `mertikopoulosOptimistic2019' on page 36 undefined on input line 227.


LaTeX Warning: Citation `mokhtariUnified2020' on page 36 undefined on input line 236.

) [36] [37]
\openout2 = `chapters/4_experiments.aux'.

 (./chapters/4_experiments.tex
CHAPTER 5.

Package hyperref Warning: Token not allowed in a PDF string (Unicode):
(hyperref)                removing `\hbox' on input line 1.


Package hyperref Warning: Token not allowed in a PDF string (Unicode):
(hyperref)                removing `\@tempdima' on input line 1.


Package hyperref Warning: Token not allowed in a PDF string (Unicode):
(hyperref)                \hskip 21.90005pt
(hyperref)                replaced by space on input line 1.


Package hyperref Warning: Token not allowed in a PDF string (Unicode):
(hyperref)                removing `\hss' on input line 1.


Package hyperref Warning: Token not allowed in a PDF string (Unicode):
(hyperref)                removing `\uppercase' on input line 1.


Package caption Warning: Cannot determine current font size.
(caption)                Try setting it with `size=' explicitly on input line 39.
See the caption package documentation for explanation.


Package caption Warning: Cannot determine current font size.
(caption)                Try setting it with `size=' explicitly on input line 39.
See the caption package documentation for explanation.


Package caption Warning: Cannot determine current font size.
(caption)                Try setting it with `size=' explicitly on input line 50.
See the caption package documentation for explanation.


Package caption Warning: Cannot determine current font size.
(caption)                Try setting it with `size=' explicitly on input line 50.
See the caption package documentation for explanation.


Overfull \hbox (2.43333pt too wide) in paragraph at lines 31--52
[]$[]$ $[]$ 
 []


LaTeX Warning: Reference `tab:payoffs' on page 38 undefined on input line 62.

[38




]

LaTeX Warning: Reference `tab:payoffs' on page 39 undefined on input line 67.

[39] [40]

LaTeX Warning: Reference `fig:tabne_last' on page 41 undefined on input line 135.


LaTeX Warning: Reference `fig:tabne_avg' on page 41 undefined on input line 137.

(./figs/tabular/nash_last.pgf)
Overfull \hbox (14.1896pt too wide) in paragraph at lines 145--148
 []|  [] 
 []

[41] (./figs/tabular/nash_avg.pgf)
Overfull \hbox (14.1896pt too wide) in paragraph at lines 153--156
 []|  [] 
 []

[42] [43]

LaTeX Warning: Reference `fig:tabne_avg' on page 44 undefined on input line 167.


LaTeX Warning: Reference `fig:tabne_last' on page 44 undefined on input line 178.

[44]

LaTeX Warning: Reference `fig:tabne_last' on page 45 undefined on input line 199.


LaTeX Warning: Reference `qn1' on page 45 undefined on input line 214.


LaTeX Warning: Reference `qn2' on page 45 undefined on input line 215.

) [45]
\openout2 = `chapters/5_neural.aux'.

 (./chapters/5_neural.tex
CHAPTER 6.

Package hyperref Warning: Token not allowed in a PDF string (Unicode):
(hyperref)                removing `\hbox' on input line 1.


Package hyperref Warning: Token not allowed in a PDF string (Unicode):
(hyperref)                removing `\@tempdima' on input line 1.


Package hyperref Warning: Token not allowed in a PDF string (Unicode):
(hyperref)                \hskip 21.90005pt
(hyperref)                replaced by space on input line 1.


Package hyperref Warning: Token not allowed in a PDF string (Unicode):
(hyperref)                removing `\hss' on input line 1.


Package hyperref Warning: Token not allowed in a PDF string (Unicode):
(hyperref)                removing `\uppercase' on input line 1.


LaTeX Warning: Reference `qn3' on page 46 undefined on input line 7.

[46




]

LaTeX Warning: Citation `timbersApproximate2022' on page 47 undefined on input line 41.


LaTeX Warning: Citation `sokotaUnified2023' on page 47 undefined on input line 55.


LaTeX Warning: Citation `liangRLlib2018' on page 47 undefined on input line 56.


LaTeX Warning: Citation `lanctotOpenSpiel2020' on page 47 undefined on input line 57.

[47]

LaTeX Warning: Reference `fig:neuralsmall1' on page 48 undefined on input line 77.


LaTeX Warning: Reference `fig:neuralsmall1' on page 48 undefined on input line 78.

<figs/kpoker.png, id=353, 2938.98pt x 1533.73pt>
File: figs/kpoker.png Graphic file (type png)
<use figs/kpoker.png>
Package pdftex.def Info: figs/kpoker.png  used on input line 87.
(pdftex.def)             Requested size: 271.01524pt x 141.42314pt.

Package caption Warning: Cannot determine current font size.
(caption)                Try setting it with `size=' explicitly on input line 88.
See the caption package documentation for explanation.


Package caption Warning: Cannot determine current font size.
(caption)                Try setting it with `size=' explicitly on input line 88.
See the caption package documentation for explanation.

<figs/ahex22.png, id=355, 2938.98pt x 1533.73pt>
File: figs/ahex22.png Graphic file (type png)
<use figs/ahex22.png>
Package pdftex.def Info: figs/ahex22.png  used on input line 91.
(pdftex.def)             Requested size: 271.01524pt x 141.42314pt.

Package caption Warning: Cannot determine current font size.
(caption)                Try setting it with `size=' explicitly on input line 92.
See the caption package documentation for explanation.


Package caption Warning: Cannot determine current font size.
(caption)                Try setting it with `size=' explicitly on input line 92.
See the caption package documentation for explanation.

[48]

LaTeX Warning: Reference `fig:neural2' on page 49 undefined on input line 101.

<figs/pttt.png, id=362, 2537.48pt x 1332.98pt>
File: figs/pttt.png Graphic file (type png)
<use figs/pttt.png>
Package pdftex.def Info: figs/pttt.png  used on input line 106.
(pdftex.def)             Requested size: 180.67224pt x 94.90462pt.

Package caption Warning: Cannot determine current font size.
(caption)                Try setting it with `size=' explicitly on input line 107.
See the caption package documentation for explanation.


Package caption Warning: Cannot determine current font size.
(caption)                Try setting it with `size=' explicitly on input line 107.
See the caption package documentation for explanation.

<figs/ahex33.png, id=363, 2537.48pt x 1332.98pt>
File: figs/ahex33.png Graphic file (type png)
<use figs/ahex33.png>
Package pdftex.def Info: figs/ahex33.png  used on input line 110.
(pdftex.def)             Requested size: 180.67224pt x 94.90462pt.

Package caption Warning: Cannot determine current font size.
(caption)                Try setting it with `size=' explicitly on input line 111.
See the caption package documentation for explanation.


Package caption Warning: Cannot determine current font size.
(caption)                Try setting it with `size=' explicitly on input line 111.
See the caption package documentation for explanation.

[49 <./figs/kpoker.png> <./figs/ahex22.png>]) [50 <./figs/pttt.png> <./figs/ahex33.png>]
\openout2 = `chapters/6_discussion.aux'.

 (./chapters/6_discussion.tex
CHAPTER 7.

Package hyperref Warning: Token not allowed in a PDF string (Unicode):
(hyperref)                removing `\hbox' on input line 1.


Package hyperref Warning: Token not allowed in a PDF string (Unicode):
(hyperref)                removing `\@tempdima' on input line 1.


Package hyperref Warning: Token not allowed in a PDF string (Unicode):
(hyperref)                \hskip 21.90005pt
(hyperref)                replaced by space on input line 1.


Package hyperref Warning: Token not allowed in a PDF string (Unicode):
(hyperref)                removing `\hss' on input line 1.


Package hyperref Warning: Token not allowed in a PDF string (Unicode):
(hyperref)                removing `\uppercase' on input line 1.


LaTeX Warning: Citation `perolatMastering2022' on page 51 undefined on input line 6.


LaTeX Warning: Citation `perolatPoincare2021' on page 51 undefined on input line 8.


LaTeX Warning: Citation `chhablaniCounterfactual2021' on page 51 undefined on input line 10.


LaTeX Warning: Citation `foersterCounterfactual2018' on page 51 undefined on input line 11.


Underfull \hbox (badness 10000) in paragraph at lines 3--20

 []


Underfull \hbox (badness 10000) in paragraph at lines 21--26

 []

) [51




] [52]
\openout2 = `chapters/7_conclusion.aux'.

 (./chapters/7_conclusion.tex
CHAPTER 8.

Package hyperref Warning: Token not allowed in a PDF string (Unicode):
(hyperref)                removing `\hbox' on input line 1.


Package hyperref Warning: Token not allowed in a PDF string (Unicode):
(hyperref)                removing `\@tempdima' on input line 1.


Package hyperref Warning: Token not allowed in a PDF string (Unicode):
(hyperref)                \hskip 21.90005pt
(hyperref)                replaced by space on input line 1.


Package hyperref Warning: Token not allowed in a PDF string (Unicode):
(hyperref)                removing `\hss' on input line 1.


Package hyperref Warning: Token not allowed in a PDF string (Unicode):
(hyperref)                removing `\uppercase' on input line 1.

) [53




]

Package hyperref Warning: Token not allowed in a PDF string (Unicode):
(hyperref)                removing `\hbox' on input line 189.


Package hyperref Warning: Token not allowed in a PDF string (Unicode):
(hyperref)                removing `\@tempdima' on input line 189.


Package hyperref Warning: Token not allowed in a PDF string (Unicode):
(hyperref)                removing `\hss' on input line 189.

[54



]
Appendix A.

Package hyperref Warning: Token not allowed in a PDF string (Unicode):
(hyperref)                removing `\hbox' on input line 193.


Package hyperref Warning: Token not allowed in a PDF string (Unicode):
(hyperref)                removing `\@tempdima' on input line 193.


Package hyperref Warning: Token not allowed in a PDF string (Unicode):
(hyperref)                removing `\hss' on input line 193.

[55

]
Appendix B.

Package hyperref Warning: Token not allowed in a PDF string (Unicode):
(hyperref)                removing `\hbox' on input line 197.


Package hyperref Warning: Token not allowed in a PDF string (Unicode):
(hyperref)                removing `\@tempdima' on input line 197.


Package hyperref Warning: Token not allowed in a PDF string (Unicode):
(hyperref)                removing `\hss' on input line 197.

[56

]
CITED LITERATURE.

Package hyperref Warning: Token not allowed in a PDF string (Unicode):
(hyperref)                removing `\hbox' on input line 203.


Package hyperref Warning: Token not allowed in a PDF string (Unicode):
(hyperref)                removing `\@tempdima' on input line 203.


Package hyperref Warning: Token not allowed in a PDF string (Unicode):
(hyperref)                removing `\hss' on input line 203.

(./MainThesisFile.bbl [57

{/opt/texlive/2023/texmf-dist/fonts/enc/dvips/cm-super/cm-super-ts1.enc}] [58]) [59] (./MainThesisFile.aux (./chapters/0_intro.aux) (./chapters/outline.aux) (./chapters/1_background.aux) (./chapters/2_mmd.aux) (./chapters/3_updates.aux) (./chapters/4_experiments.aux) (./chapters/5_neural.aux) (./chapters/6_discussion.aux) (./chapters/7_conclusion.aux))
 ***********
LaTeX2e <2023-06-01> patch level 1
L3 programming layer <2023-06-16>
 ***********


LaTeX Warning: There were undefined references.


LaTeX Warning: Label(s) may have changed. Rerun to get cross-references right.


Package rerunfilecheck Warning: File `MainThesisFile.out' has changed.
(rerunfilecheck)                Rerun to get outlines right
(rerunfilecheck)                or use package `bookmark'.

Package rerunfilecheck Info: Checksums for `MainThesisFile.out':
(rerunfilecheck)             Before: <no file>
(rerunfilecheck)             After:  A191350C65EEC66E4A16F0D68257A753;10239.
 ) 
Here is how much of TeX's memory you used:
 41992 strings out of 475723
 946746 string characters out of 5784843
 2569531 words of memory out of 5000000
 61759 multiletter control sequences out of 15000+600000
 531464 words of font info for 103 fonts, out of 8000000 for 9000
 1144 hyphenation exceptions out of 8191
 99i,16n,101p,1093b,619s stack positions out of 10000i,1000n,20000p,200000b,200000s
</opt/texlive/2023/texmf-dist/fonts/type1/public/amsfonts/cm/cmbx10.pfb></opt/texlive/2023/texmf-dist/fonts/type1/public/amsfonts/cm/cmbx12.pfb></opt/texlive/2023/texmf-dist/fonts/type1/public/amsfonts/cm/cmbxti10.pfb></opt/texlive/2023/texmf-dist/fonts/type1/public/amsfonts/cm/cmex10.pfb></opt/texlive/2023/texmf-dist/fonts/type1/public/amsfonts/cmextra/cmex8.pfb></opt/texlive/2023/texmf-dist/fonts/type1/public/amsfonts/cm/cmmi10.pfb></opt/texlive/2023/texmf-dist/fonts/type1/public/amsfonts/cm/cmmi6.pfb></opt/texlive/2023/texmf-dist/fonts/type1/public/amsfonts/cm/cmmi8.pfb></opt/texlive/2023/texmf-dist/fonts/type1/public/amsfonts/cm/cmr10.pfb></opt/texlive/2023/texmf-dist/fonts/type1/public/amsfonts/cm/cmr12.pfb></opt/texlive/2023/texmf-dist/fonts/type1/public/amsfonts/cm/cmr6.pfb></opt/texlive/2023/texmf-dist/fonts/type1/public/amsfonts/cm/cmr7.pfb></opt/texlive/2023/texmf-dist/fonts/type1/public/amsfonts/cm/cmr8.pfb></opt/texlive/2023/texmf-dist/fonts/type1/public/amsfonts/cm/cmss10.pfb></opt/texlive/2023/texmf-dist/fonts/type1/public/amsfonts/cm/cmss12.pfb></opt/texlive/2023/texmf-dist/fonts/type1/public/amsfonts/cm/cmsy10.pfb></opt/texlive/2023/texmf-dist/fonts/type1/public/amsfonts/cm/cmsy6.pfb></opt/texlive/2023/texmf-dist/fonts/type1/public/amsfonts/cm/cmsy7.pfb></opt/texlive/2023/texmf-dist/fonts/type1/public/amsfonts/cm/cmsy8.pfb></opt/texlive/2023/texmf-dist/fonts/type1/public/amsfonts/cm/cmti10.pfb></opt/texlive/2023/texmf-dist/fonts/type1/public/doublestroke/dsrom10.pfb></opt/texlive/2023/texmf-dist/fonts/type1/public/amsfonts/symbols/msbm10.pfb></opt/texlive/2023/texmf-dist/fonts/type1/public/cm-super/sfti1095.pfb>
Output written on MainThesisFile.pdf (66 pages, 1051998 bytes).
PDF statistics:
 588 PDF objects out of 1000 (max. 8388607)
 461 compressed objects within 5 object streams
 198 named destinations out of 1000 (max. 500000)
 33 words of extra memory for PDF output out of 10000 (max. 10000000)

